<?xml version="1.0" encoding="UTF-8"?>
<!-- Generated by org.testng.reporters.JUnitXMLReporter -->
<testsuite ignored="0" hostname="LAPTOP-451JHCHC" failures="1" tests="4" name="ChromeTest" time="29.46" errors="0" timestamp="2026-01-04T02:26:27 IST">
  <testcase classname="testCases.TC003_DataDrivenLoginTest" name="login" time="1.893"/>
  <testcase classname="testCases.TC003_DataDrivenLoginTest" name="login" time="10.998"/>
  <testcase classname="testCases.TC003_DataDrivenLoginTest" name="login" time="11.114">
    <failure type="java.lang.AssertionError" message="Test case passed expected [true] but found [false]">
      <![CDATA[java.lang.AssertionError: Test case passed expected [true] but found [false]
at testCases.TC003_DataDrivenLoginTest.login(TC003_DataDrivenLoginTest.java:36)
at java.base/java.util.ArrayList.forEach(ArrayList.java:1596)
... Removed 28 stack frames]]>
    </failure>
  </testcase> <!-- login -->
  <testcase classname="testCases.TC003_DataDrivenLoginTest" name="login" time="1.418"/>
</testsuite> <!-- ChromeTest -->
