<?xml version="1.0" encoding="UTF-8"?>
<testng-results ignored="0" total="4" passed="3" failed="1" skipped="0">
  <reporter-output>
  </reporter-output>
  <suite started-at="2026-01-04T02:25:56 IST" name="Suite" finished-at="2026-01-04T02:26:26 IST" duration-ms="29460">
    <groups>
      <group name="Master">
        <method signature="TC003_DataDrivenLoginTest.login(java.lang.String,java.lang.String,java.lang.String)[pri:0, instance:testCases.TC003_DataDrivenLoginTest@1dd0e7c4]" name="login" class="testCases.TC003_DataDrivenLoginTest"/>
      </group> <!-- Master -->
      <group name="DataDriven">
        <method signature="TC003_DataDrivenLoginTest.login(java.lang.String,java.lang.String,java.lang.String)[pri:0, instance:testCases.TC003_DataDrivenLoginTest@1dd0e7c4]" name="login" class="testCases.TC003_DataDrivenLoginTest"/>
      </group> <!-- DataDriven -->
    </groups>
    <test started-at="2026-01-04T02:25:56 IST" name="ChromeTest" finished-at="2026-01-04T02:26:26 IST" duration-ms="29460">
      <class name="testCases.TC003_DataDrivenLoginTest">
        <test-method is-config="true" signature="setup(java.lang.String,java.lang.String)[pri:0, instance:testCases.TC003_DataDrivenLoginTest@1dd0e7c4]" started-at="2026-01-04T02:25:57 IST" name="setup" finished-at="2026-01-04T02:25:59 IST" duration-ms="2804" status="PASS">
          <params>
            <param index="0">
              <value>
                <![CDATA[Windows]]>
              </value>
            </param>
            <param index="1">
              <value>
                <![CDATA[Chrome]]>
              </value>
            </param>
          </params>
          <reporter-output>
          </reporter-output>
        </test-method> <!-- setup -->
        <test-method signature="login(java.lang.String,java.lang.String,java.lang.String)[pri:0, instance:testCases.TC003_DataDrivenLoginTest@1dd0e7c4]" started-at="2026-01-04T02:26:00 IST" name="login" data-provider="getLoginData" finished-at="2026-01-04T02:26:02 IST" duration-ms="1893" status="PASS">
          <params>
            <param index="0">
              <value>
                <![CDATA[vyshaktest@gmail.com]]>
              </value>
            </param>
            <param index="1">
              <value>
                <![CDATA[123@ugo3]]>
              </value>
            </param>
            <param index="2">
              <value>
                <![CDATA[Valid]]>
              </value>
            </param>
          </params>
          <reporter-output>
          </reporter-output>
        </test-method> <!-- login -->
        <test-method signature="login(java.lang.String,java.lang.String,java.lang.String)[pri:0, instance:testCases.TC003_DataDrivenLoginTest@1dd0e7c4]" started-at="2026-01-04T02:26:02 IST" name="login" data-provider="getLoginData" finished-at="2026-01-04T02:26:13 IST" duration-ms="10998" status="PASS">
          <params>
            <param index="0">
              <value>
                <![CDATA[vyshaknew@test.com]]>
              </value>
            </param>
            <param index="1">
              <value>
                <![CDATA[23yy@hdbs]]>
              </value>
            </param>
            <param index="2">
              <value>
                <![CDATA[Invalid]]>
              </value>
            </param>
          </params>
          <reporter-output>
          </reporter-output>
        </test-method> <!-- login -->
        <test-method signature="login(java.lang.String,java.lang.String,java.lang.String)[pri:0, instance:testCases.TC003_DataDrivenLoginTest@1dd0e7c4]" started-at="2026-01-04T02:26:13 IST" name="login" data-provider="getLoginData" finished-at="2026-01-04T02:26:24 IST" duration-ms="11114" status="FAIL">
          <params>
            <param index="0">
              <value>
                <![CDATA[test_2@gmail.com]]>
              </value>
            </param>
            <param index="1">
              <value>
                <![CDATA[busfg$gd]]>
              </value>
            </param>
            <param index="2">
              <value>
                <![CDATA[Valid]]>
              </value>
            </param>
          </params>
          <exception class="java.lang.AssertionError">
            <message>
              <![CDATA[Test case passed expected [true] but found [false]]]>
            </message>
            <full-stacktrace>
              <![CDATA[java.lang.AssertionError: Test case passed expected [true] but found [false]
at org.testng.Assert.fail(Assert.java:111)
at org.testng.Assert.failNotEquals(Assert.java:1578)
at org.testng.Assert.assertTrue(Assert.java:57)
at testCases.TC003_DataDrivenLoginTest.login(TC003_DataDrivenLoginTest.java:36)
at java.base/jdk.internal.reflect.DirectMethodHandleAccessor.invoke(DirectMethodHandleAccessor.java:103)
at java.base/java.lang.reflect.Method.invoke(Method.java:580)
at org.testng.internal.invokers.MethodInvocationHelper.invokeMethod(MethodInvocationHelper.java:141)
at org.testng.internal.invokers.TestInvoker.invokeMethod(TestInvoker.java:686)
at org.testng.internal.invokers.TestInvoker.invokeTestMethod(TestInvoker.java:230)
at org.testng.internal.invokers.MethodRunner.runInSequence(MethodRunner.java:63)
at org.testng.internal.invokers.TestInvoker$MethodInvocationAgent.invoke(TestInvoker.java:992)
at org.testng.internal.invokers.TestInvoker.invokeTestMethods(TestInvoker.java:203)
at org.testng.internal.invokers.TestMethodWorker.invokeTestMethods(TestMethodWorker.java:154)
at org.testng.internal.invokers.TestMethodWorker.run(TestMethodWorker.java:134)
at java.base/java.util.ArrayList.forEach(ArrayList.java:1596)
at org.testng.TestRunner.privateRun(TestRunner.java:739)
at org.testng.TestRunner.run(TestRunner.java:614)
at org.testng.SuiteRunner.runTest(SuiteRunner.java:421)
at org.testng.SuiteRunner.runSequentially(SuiteRunner.java:413)
at org.testng.SuiteRunner.privateRun(SuiteRunner.java:373)
at org.testng.SuiteRunner.run(SuiteRunner.java:312)
at org.testng.SuiteRunnerWorker.runSuite(SuiteRunnerWorker.java:52)
at org.testng.SuiteRunnerWorker.run(SuiteRunnerWorker.java:95)
at org.testng.TestNG.runSuitesSequentially(TestNG.java:1274)
at org.testng.TestNG.runSuitesLocally(TestNG.java:1208)
at org.testng.TestNG.runSuites(TestNG.java:1112)
at org.testng.TestNG.run(TestNG.java:1079)
at org.testng.remote.AbstractRemoteTestNG.run(AbstractRemoteTestNG.java:115)
at org.testng.remote.RemoteTestNG.initAndRun(RemoteTestNG.java:293)
at org.testng.remote.RemoteTestNG.main(RemoteTestNG.java:91)
]]>
            </full-stacktrace>
          </exception> <!-- java.lang.AssertionError -->
          <reporter-output>
          </reporter-output>
        </test-method> <!-- login -->
        <test-method signature="login(java.lang.String,java.lang.String,java.lang.String)[pri:0, instance:testCases.TC003_DataDrivenLoginTest@1dd0e7c4]" started-at="2026-01-04T02:26:24 IST" name="login" data-provider="getLoginData" finished-at="2026-01-04T02:26:26 IST" duration-ms="1418" status="PASS">
          <params>
            <param index="0">
              <value>
                <![CDATA[jktest@gmail.com]]>
              </value>
            </param>
            <param index="1">
              <value>
                <![CDATA[jkt@1123]]>
              </value>
            </param>
            <param index="2">
              <value>
                <![CDATA[Valid]]>
              </value>
            </param>
          </params>
          <reporter-output>
          </reporter-output>
        </test-method> <!-- login -->
        <test-method is-config="true" signature="tearDown()[pri:0, instance:testCases.TC003_DataDrivenLoginTest@1dd0e7c4]" started-at="2026-01-04T02:26:26 IST" name="tearDown" finished-at="2026-01-04T02:26:26 IST" duration-ms="187" status="PASS">
          <reporter-output>
          </reporter-output>
        </test-method> <!-- tearDown -->
      </class> <!-- testCases.TC003_DataDrivenLoginTest -->
    </test> <!-- ChromeTest -->
  </suite> <!-- Suite -->
</testng-results>
